C:\Program Files (x86)\Microsoft Visual Studio\2017\Community\Common7\IDE\VC\VCTargets\Microsoft.CppBuild.targets(377,5): warning MSB8004: Output Directory does not end with a trailing slash.  This build instance will add the slash as it is required to allow proper evaluation of the Output Directory.
  CA.c
  D2D.c
  Femtocell.c
  HARQ.c
  LTE.c
  LTE_enum.c
  LTE_Phy.c
f:\v11.1_projects\modeling_obstacles_in_lte_v11.1\workspace_modeling_obstacles\src\simulation\lte\lte_phy.c(100): warning C4047: '=': 'pathloss_data' differs in levels of indirection from 'pathloss_data *'
  Mac_scheduler.c
  MIMO.c
  NAS.c
  PDCP.c
  Relay.c
  RLC.c
  RRC.c
  Generating Code...
C:\Program Files (x86)\Microsoft Visual Studio\2017\Community\Common7\IDE\VC\VCTargets\Microsoft.CppBuild.targets(1216,5): warning MSB8012: TargetPath(F:\v11.1_Projects\MODELING_OBSTACLES_in_LTE_v11.1\WorkSpace_MODELING_OBSTACLES\src\Simulation\LTE\..\..\..\bin\bin_x64\LTE.dll) does not match the Linker's OutputFile property value (F:\v11.1_Projects\MODELING_OBSTACLES_in_LTE_v11.1\WorkSpace_MODELING_OBSTACLES\bin\bin_x64\libLTE.dll). This may cause your project to build incorrectly. To correct this, please make sure that $(OutDir), $(TargetName) and $(TargetExt) property values match the value specified in %(Link.OutputFile).
C:\Program Files (x86)\Microsoft Visual Studio\2017\Community\Common7\IDE\VC\VCTargets\Microsoft.CppBuild.targets(1218,5): warning MSB8012: TargetName(LTE) does not match the Linker's OutputFile property value (libLTE). This may cause your project to build incorrectly. To correct this, please make sure that $(OutDir), $(TargetName) and $(TargetExt) property values match the value specified in %(Link.OutputFile).
CA.obj : warning LNK4075: ignoring '/EDITANDCONTINUE' due to '/INCREMENTAL:NO' specification
  list.lib(List.obj) : MSIL .netmodule or module compiled with /GL found; restarting link with /LTCG; add /LTCG to the link command line to improve linker performance
CA.obj : warning LNK4075: ignoring '/EDITANDCONTINUE' due to '/INCREMENTAL:NO' specification
     Creating library ..\..\..\bin\bin_x64\LTE.lib and object ..\..\..\bin\bin_x64\LTE.exp
LINK : warning LNK4098: defaultlib 'MSVCRT' conflicts with use of other libs; use /NODEFAULTLIB:library
  Generating code
  Finished generating code
list.lib(List.obj) : warning LNK4099: PDB 'List.pdb' was not found with 'list.lib(List.obj)' or at 'F:\v11.1_Projects\MODELING_OBSTACLES_in_LTE_v11.1\WorkSpace_MODELING_OBSTACLES\bin\bin_x64\List.pdb'; linking object as if no debug info
LTE.lib(LTELib.obj) : warning LNK4099: PDB 'LTELib.pdb' was not found with 'LTE.lib(LTELib.obj)' or at 'F:\v11.1_Projects\MODELING_OBSTACLES_in_LTE_v11.1\WorkSpace_MODELING_OBSTACLES\bin\bin_x64\LTELib.pdb'; linking object as if no debug info
LTE.lib(BER.obj) : warning LNK4099: PDB 'LTELib.pdb' was not found with 'LTE.lib(BER.obj)' or at 'F:\v11.1_Projects\MODELING_OBSTACLES_in_LTE_v11.1\WorkSpace_MODELING_OBSTACLES\bin\bin_x64\LTELib.pdb'; linking object as if no debug info
  LTE.vcxproj -> F:\v11.1_Projects\MODELING_OBSTACLES_in_LTE_v11.1\WorkSpace_MODELING_OBSTACLES\src\Simulation\LTE\..\..\..\bin\bin_x64\LTE.dll
