f:\v11.1_projects\modeling_obstacles_in_lte_v11.1\workspace_modeling_obstacles\src\simulation\lte\debug\vc141.pdb
f:\v11.1_projects\modeling_obstacles_in_lte_v11.1\workspace_modeling_obstacles\src\simulation\lte\debug\vc141.idb
f:\v11.1_projects\modeling_obstacles_in_lte_v11.1\workspace_modeling_obstacles\src\simulation\lte\debug\rrc.obj
f:\v11.1_projects\modeling_obstacles_in_lte_v11.1\workspace_modeling_obstacles\src\simulation\lte\debug\rlc.obj
f:\v11.1_projects\modeling_obstacles_in_lte_v11.1\workspace_modeling_obstacles\src\simulation\lte\debug\relay.obj
f:\v11.1_projects\modeling_obstacles_in_lte_v11.1\workspace_modeling_obstacles\src\simulation\lte\debug\pdcp.obj
f:\v11.1_projects\modeling_obstacles_in_lte_v11.1\workspace_modeling_obstacles\src\simulation\lte\debug\nas.obj
f:\v11.1_projects\modeling_obstacles_in_lte_v11.1\workspace_modeling_obstacles\src\simulation\lte\debug\mimo.obj
f:\v11.1_projects\modeling_obstacles_in_lte_v11.1\workspace_modeling_obstacles\src\simulation\lte\debug\mac_scheduler.obj
f:\v11.1_projects\modeling_obstacles_in_lte_v11.1\workspace_modeling_obstacles\src\simulation\lte\debug\lte_phy.obj
f:\v11.1_projects\modeling_obstacles_in_lte_v11.1\workspace_modeling_obstacles\src\simulation\lte\debug\lte_enum.obj
f:\v11.1_projects\modeling_obstacles_in_lte_v11.1\workspace_modeling_obstacles\src\simulation\lte\debug\lte.obj
f:\v11.1_projects\modeling_obstacles_in_lte_v11.1\workspace_modeling_obstacles\src\simulation\lte\debug\harq.obj
f:\v11.1_projects\modeling_obstacles_in_lte_v11.1\workspace_modeling_obstacles\src\simulation\lte\debug\femtocell.obj
f:\v11.1_projects\modeling_obstacles_in_lte_v11.1\workspace_modeling_obstacles\src\simulation\lte\debug\d2d.obj
f:\v11.1_projects\modeling_obstacles_in_lte_v11.1\workspace_modeling_obstacles\src\simulation\lte\debug\ca.obj
f:\v11.1_projects\modeling_obstacles_in_lte_v11.1\workspace_modeling_obstacles\bin\bin_x86\liblte.dll
f:\v11.1_projects\modeling_obstacles_in_lte_v11.1\workspace_modeling_obstacles\bin\bin_x86\lte.pdb
f:\v11.1_projects\modeling_obstacles_in_lte_v11.1\workspace_modeling_obstacles\bin\bin_x86\lte.lib
f:\v11.1_projects\modeling_obstacles_in_lte_v11.1\workspace_modeling_obstacles\bin\bin_x86\lte.exp
f:\v11.1_projects\modeling_obstacles_in_lte_v11.1\workspace_modeling_obstacles\src\simulation\lte\debug\lte.tlog\cl.command.1.tlog
f:\v11.1_projects\modeling_obstacles_in_lte_v11.1\workspace_modeling_obstacles\src\simulation\lte\debug\lte.tlog\cl.read.1.tlog
f:\v11.1_projects\modeling_obstacles_in_lte_v11.1\workspace_modeling_obstacles\src\simulation\lte\debug\lte.tlog\cl.write.1.tlog
f:\v11.1_projects\modeling_obstacles_in_lte_v11.1\workspace_modeling_obstacles\src\simulation\lte\debug\lte.tlog\link.command.1.tlog
f:\v11.1_projects\modeling_obstacles_in_lte_v11.1\workspace_modeling_obstacles\src\simulation\lte\debug\lte.tlog\link.read.1.tlog
f:\v11.1_projects\modeling_obstacles_in_lte_v11.1\workspace_modeling_obstacles\src\simulation\lte\debug\lte.tlog\link.write.1.tlog
f:\v11.1_projects\modeling_obstacles_in_lte_v11.1\workspace_modeling_obstacles\src\simulation\lte\debug\lte.tlog\lte.write.1u.tlog
